

Microchip MPLAB XC8 Assembler V2.10 build 88905656 
                                                                                               Thu May 28 05:54:44 2020

Microchip MPLAB XC8 C Compiler v2.10 (Free license) build 20190730164152 Og1 
     1                           	processor	18F8722
     2                           	fnconf	rparam,??,?,0
     3                           	opt	pw 120
     4                           	opt	flic
     5                           	psect	idataCOMRAM,global,class=CODE,delta=1,noexec
     6                           	psect	nvCOMRAM,global,class=COMRAM,space=1,delta=1,noexec
     7                           	psect	cinit,global,reloc=2,class=CODE,delta=1
     8                           	psect	dataCOMRAM,global,class=COMRAM,space=1,delta=1,noexec
     9                           	psect	cstackCOMRAM,global,class=COMRAM,space=1,delta=1,noexec
    10                           	psect	text0,global,reloc=2,class=CODE,delta=1
    11                           	psect	text1,global,reloc=2,class=CODE,delta=1
    12                           	psect	text2,global,reloc=2,class=CODE,delta=1
    13                           	psect	text3,global,reloc=2,class=CODE,delta=1
    14                           	psect	text4,global,reloc=2,class=CODE,delta=1
    15                           	psect	text5,global,reloc=2,class=CODE,delta=1
    16                           	psect	text6,global,reloc=2,class=CODE,delta=1
    17                           	psect	text7,global,reloc=2,class=CODE,delta=1
    18                           	psect	text8,global,reloc=2,class=CODE,delta=1
    19                           	psect	text9,global,reloc=2,class=CODE,delta=1
    20                           	psect	text10,global,reloc=2,class=CODE,delta=1
    21                           	psect	intsave_regs,global,class=BIGRAM,space=1,delta=1,noexec
    22                           	psect	rparam,global,class=COMRAM,space=1,delta=1,noexec
    23  0000                     
    24                           ; Version 2.10
    25                           ; Generated 31/07/2019 GMT
    26                           ; 
    27                           ; Copyright © 2019, Microchip Technology Inc. and its subsidiaries ("Microchip")
    28                           ; All rights reserved.
    29                           ; 
    30                           ; This software is developed by Microchip Technology Inc. and its subsidiaries ("Microch
      +                          ip").
    31                           ; 
    32                           ; Redistribution and use in source and binary forms, with or without modification, are
    33                           ; permitted provided that the following conditions are met:
    34                           ; 
    35                           ;     1. Redistributions of source code must retain the above copyright notice, this lis
      +                          t of
    36                           ;        conditions and the following disclaimer.
    37                           ; 
    38                           ;     2. Redistributions in binary form must reproduce the above copyright notice, this 
      +                          list
    39                           ;        of conditions and the following disclaimer in the documentation and/or other
    40                           ;        materials provided with the distribution.
    41                           ; 
    42                           ;     3. Microchip's name may not be used to endorse or promote products derived from th
      +                          is
    43                           ;        software without specific prior written permission.
    44                           ; 
    45                           ; THIS SOFTWARE IS PROVIDED BY MICROCHIP "AS IS" AND ANY EXPRESS OR IMPLIED WARRANTIES,
    46                           ; INCLUDING, BUT NOT LIMITED TO, THE IMPLIED WARRANTIES OF MERCHANTABILITY AND FITNESS F
      +                          OR
    47                           ; PURPOSE ARE DISCLAIMED.  IN NO EVENT SHALL MICROCHIP BE LIABLE FOR ANY DIRECT, INDIREC
      +                          T,
    48                           ; INCIDENTAL, SPECIAL, EXEMPLARY, OR CONSEQUENTIAL DAMAGES (INCLUDING BUT NOT LIMITED TO
    49                           ; PROCUREMENT OF SUBSTITUTE GOODS OR SERVICES; LOSS OF USE, DATA OR PROFITS; OR BUSINESS
    50                           ; INTERRUPTION) HOWSOEVER CAUSED AND ON ANY THEORY OF LIABILITY, WHETHER IN CONTRACT, ST
      +                          RICT
    51                           ; LIABILITY, OR TORT (INCLUDING NEGLIGENCE OR OTHERWISE) ARISING IN ANY WAY OUT OF THE U
      +                          SE OF
    52                           ; THIS SOFTWARE, EVEN IF ADVISED OF THE POSSIBILITY OF SUCH DAMAGE.
    53                           ; 
    54                           ; 
    55                           ; Code-generator required, PIC18F8722 Definitions
    56                           ; 
    57                           ; SFR Addresses
    58  0000                     
    59                           	psect	idataCOMRAM
    60  01FF9F                     __pidataCOMRAM:
    61                           	opt callstack 0
    62                           
    63                           ;initializer for _special
    64  01FF9F  04                 	db	4
    65                           
    66                           	psect	nvCOMRAM
    67  000001                     __pnvCOMRAM:
    68                           	opt callstack 0
    69  000001                     _adc_value:
    70                           	opt callstack 0
    71  000001                     	ds	2
    72                           
    73                           ; #config settings
    74  0000                     
    75                           	psect	cinit
    76  01FFB4                     __pcinit:
    77                           	opt callstack 0
    78  01FFB4                     start_initialization:
    79                           	opt callstack 0
    80  01FFB4                     __initialization:
    81                           	opt callstack 0
    82                           
    83                           ; Initialize objects allocated to COMRAM (1 bytes)
    84                           ; load TBLPTR registers with __pidataCOMRAM
    85  01FFB4  0E9F               	movlw	low __pidataCOMRAM
    86  01FFB6  6EF6               	movwf	tblptrl,c
    87  01FFB8  0EFF               	movlw	high __pidataCOMRAM
    88  01FFBA  6EF7               	movwf	tblptrh,c
    89  01FFBC  0E01               	movlw	low (__pidataCOMRAM shr (0+16))
    90  01FFBE  6EF8               	movwf	tblptru,c
    91  01FFC0  0009               	tblrd		*+	;fetch initializer
    92  01FFC2  CFF5 F003          	movff	tablat,__pdataCOMRAM
    93  01FFC6                     end_of_initialization:
    94                           	opt callstack 0
    95  01FFC6                     __end_of__initialization:
    96                           	opt callstack 0
    97  01FFC6  0100               	movlb	0
    98  01FFC8  EFE6  F0FF         	goto	_main	;jump to C main() function
    99                           
   100                           	psect	dataCOMRAM
   101  000003                     __pdataCOMRAM:
   102                           	opt callstack 0
   103  000003                     _special:
   104                           	opt callstack 0
   105  000003                     	ds	1
   106                           
   107                           	psect	cstackCOMRAM
   108  000000                     __pcstackCOMRAM:
   109                           	opt callstack 0
   110  000000                     
   111                           ; 1 bytes @ 0x0
   112 ;;
   113 ;;Main: autosize = 0, tempsize = 0, incstack = 0, save=0
   114 ;;
   115 ;; *************** function _main *****************
   116 ;; Defined at:
   117 ;;		line 6 in file "source_headers/main.c"
   118 ;; Parameters:    Size  Location     Type
   119 ;;		None
   120 ;; Auto vars:     Size  Location     Type
   121 ;;		None
   122 ;; Return value:  Size  Location     Type
   123 ;;                  1    wreg      void 
   124 ;; Registers used:
   125 ;;		wreg, status,2, cstack
   126 ;; Tracked objects:
   127 ;;		On entry : 0/0
   128 ;;		On exit  : 0/0
   129 ;;		Unchanged: 0/0
   130 ;; Data sizes:     COMRAM   BANK0   BANK1   BANK2   BANK3   BANK4   BANK5   BANK6   BANK7   BANK8   BANK9  BANK10  BANK1
      +1  BANK12  BANK13  BANK14  BANK15
   131 ;;      Params:         0       0       0       0       0       0       0       0       0       0       0       0       
      +0       0       0       0       0
   132 ;;      Locals:         0       0       0       0       0       0       0       0       0       0       0       0       
      +0       0       0       0       0
   133 ;;      Temps:          0       0       0       0       0       0       0       0       0       0       0       0       
      +0       0       0       0       0
   134 ;;      Totals:         0       0       0       0       0       0       0       0       0       0       0       0       
      +0       0       0       0       0
   135 ;;Total ram usage:        0 bytes
   136 ;; Hardware stack levels required when called:    1
   137 ;; This function calls:
   138 ;;		_adc_complete
   139 ;;		_correct_guess
   140 ;;		_game_over
   141 ;;		_hs_passed
   142 ;;		_init_complete
   143 ;;		_latcde_update_complete
   144 ;;		_latjh_update_complete
   145 ;;		_rb4_handled
   146 ;;		_restart
   147 ;;		_special_number
   148 ;; This function is called by:
   149 ;;		Startup code after reset
   150 ;; This function uses a non-reentrant model
   151 ;;
   152                           
   153                           	psect	text0
   154  01FFCC                     __ptext0:
   155                           	opt callstack 0
   156  01FFCC                     _main:
   157                           	opt callstack 30
   158  01FFCC                     
   159                           ;source_headers/main.c: 7:     init_complete();
   160  01FFCC  ECD4  F0FF         	call	_init_complete	;wreg free
   161  01FFD0                     
   162                           ;source_headers/main.c: 8:     adc_value =5;
   163  01FFD0  0E00               	movlw	0
   164  01FFD2  6E02               	movwf	(_adc_value+1)^0,c	;volatile
   165  01FFD4  0E05               	movlw	5
   166  01FFD6  6E01               	movwf	_adc_value^0,c	;volatile
   167  01FFD8                     
   168                           ;source_headers/main.c: 9:     adc_complete();
   169  01FFD8  ECD0  F0FF         	call	_adc_complete	;wreg free
   170  01FFDC                     
   171                           ;source_headers/main.c: 10:     rb4_handled();
   172  01FFDC  ECD7  F0FF         	call	_rb4_handled	;wreg free
   173  01FFE0                     
   174                           ;source_headers/main.c: 11:     latjh_update_complete();
   175  01FFE0  ECD6  F0FF         	call	_latjh_update_complete	;wreg free
   176  01FFE4                     
   177                           ;source_headers/main.c: 12:     latcde_update_complete();
   178  01FFE4  ECD5  F0FF         	call	_latcde_update_complete	;wreg free
   179  01FFE8                     
   180                           ;source_headers/main.c: 13:     correct_guess();
   181  01FFE8  ECD1  F0FF         	call	_correct_guess	;wreg free
   182  01FFEC                     
   183                           ;source_headers/main.c: 14:     hs_passed();
   184  01FFEC  ECD3  F0FF         	call	_hs_passed	;wreg free
   185  01FFF0                     
   186                           ;source_headers/main.c: 15:     game_over();
   187  01FFF0  ECD2  F0FF         	call	_game_over	;wreg free
   188  01FFF4                     
   189                           ;source_headers/main.c: 16:     restart();
   190  01FFF4  ECD8  F0FF         	call	_restart	;wreg free
   191  01FFF8                     
   192                           ;source_headers/main.c: 17:     special_number();
   193  01FFF8  ECD9  F0FF         	call	_special_number	;wreg free
   194  01FFFC  EF00  F000         	goto	start
   195  020000                     __end_of_main:
   196                           	opt callstack 0
   197                           
   198 ;; *************** function _special_number *****************
   199 ;; Defined at:
   200 ;;		line 14 in file "source_headers/breakpoints.c"
   201 ;; Parameters:    Size  Location     Type
   202 ;;		None
   203 ;; Auto vars:     Size  Location     Type
   204 ;;		None
   205 ;; Return value:  Size  Location     Type
   206 ;;                  1    wreg      unsigned char 
   207 ;; Registers used:
   208 ;;		None
   209 ;; Tracked objects:
   210 ;;		On entry : 0/0
   211 ;;		On exit  : 0/0
   212 ;;		Unchanged: 0/0
   213 ;; Data sizes:     COMRAM   BANK0   BANK1   BANK2   BANK3   BANK4   BANK5   BANK6   BANK7   BANK8   BANK9  BANK10  BANK1
      +1  BANK12  BANK13  BANK14  BANK15
   214 ;;      Params:         0       0       0       0       0       0       0       0       0       0       0       0       
      +0       0       0       0       0
   215 ;;      Locals:         0       0       0       0       0       0       0       0       0       0       0       0       
      +0       0       0       0       0
   216 ;;      Temps:          0       0       0       0       0       0       0       0       0       0       0       0       
      +0       0       0       0       0
   217 ;;      Totals:         0       0       0       0       0       0       0       0       0       0       0       0       
      +0       0       0       0       0
   218 ;;Total ram usage:        0 bytes
   219 ;; Hardware stack levels used:    1
   220 ;; This function calls:
   221 ;;		Nothing
   222 ;; This function is called by:
   223 ;;		_main
   224 ;; This function uses a non-reentrant model
   225 ;;
   226                           
   227                           	psect	text1
   228  01FFB2                     __ptext1:
   229                           	opt callstack 0
   230  01FFB2                     _special_number:
   231                           	opt callstack 30
   232  01FFB2  0012               	return		;funcret
   233  01FFB4                     __end_of_special_number:
   234                           	opt callstack 0
   235                           
   236 ;; *************** function _restart *****************
   237 ;; Defined at:
   238 ;;		line 13 in file "source_headers/breakpoints.c"
   239 ;; Parameters:    Size  Location     Type
   240 ;;		None
   241 ;; Auto vars:     Size  Location     Type
   242 ;;		None
   243 ;; Return value:  Size  Location     Type
   244 ;;                  1    wreg      void 
   245 ;; Registers used:
   246 ;;		None
   247 ;; Tracked objects:
   248 ;;		On entry : 0/0
   249 ;;		On exit  : 0/0
   250 ;;		Unchanged: 0/0
   251 ;; Data sizes:     COMRAM   BANK0   BANK1   BANK2   BANK3   BANK4   BANK5   BANK6   BANK7   BANK8   BANK9  BANK10  BANK1
      +1  BANK12  BANK13  BANK14  BANK15
   252 ;;      Params:         0       0       0       0       0       0       0       0       0       0       0       0       
      +0       0       0       0       0
   253 ;;      Locals:         0       0       0       0       0       0       0       0       0       0       0       0       
      +0       0       0       0       0
   254 ;;      Temps:          0       0       0       0       0       0       0       0       0       0       0       0       
      +0       0       0       0       0
   255 ;;      Totals:         0       0       0       0       0       0       0       0       0       0       0       0       
      +0       0       0       0       0
   256 ;;Total ram usage:        0 bytes
   257 ;; Hardware stack levels used:    1
   258 ;; This function calls:
   259 ;;		Nothing
   260 ;; This function is called by:
   261 ;;		_main
   262 ;; This function uses a non-reentrant model
   263 ;;
   264                           
   265                           	psect	text2
   266  01FFB0                     __ptext2:
   267                           	opt callstack 0
   268  01FFB0                     _restart:
   269                           	opt callstack 30
   270  01FFB0  0012               	return		;funcret
   271  01FFB2                     __end_of_restart:
   272                           	opt callstack 0
   273                           
   274 ;; *************** function _rb4_handled *****************
   275 ;; Defined at:
   276 ;;		line 7 in file "source_headers/breakpoints.c"
   277 ;; Parameters:    Size  Location     Type
   278 ;;		None
   279 ;; Auto vars:     Size  Location     Type
   280 ;;		None
   281 ;; Return value:  Size  Location     Type
   282 ;;                  1    wreg      void 
   283 ;; Registers used:
   284 ;;		None
   285 ;; Tracked objects:
   286 ;;		On entry : 0/0
   287 ;;		On exit  : 0/0
   288 ;;		Unchanged: 0/0
   289 ;; Data sizes:     COMRAM   BANK0   BANK1   BANK2   BANK3   BANK4   BANK5   BANK6   BANK7   BANK8   BANK9  BANK10  BANK1
      +1  BANK12  BANK13  BANK14  BANK15
   290 ;;      Params:         0       0       0       0       0       0       0       0       0       0       0       0       
      +0       0       0       0       0
   291 ;;      Locals:         0       0       0       0       0       0       0       0       0       0       0       0       
      +0       0       0       0       0
   292 ;;      Temps:          0       0       0       0       0       0       0       0       0       0       0       0       
      +0       0       0       0       0
   293 ;;      Totals:         0       0       0       0       0       0       0       0       0       0       0       0       
      +0       0       0       0       0
   294 ;;Total ram usage:        0 bytes
   295 ;; Hardware stack levels used:    1
   296 ;; This function calls:
   297 ;;		Nothing
   298 ;; This function is called by:
   299 ;;		_main
   300 ;; This function uses a non-reentrant model
   301 ;;
   302                           
   303                           	psect	text3
   304  01FFAE                     __ptext3:
   305                           	opt callstack 0
   306  01FFAE                     _rb4_handled:
   307                           	opt callstack 30
   308  01FFAE  0012               	return		;funcret
   309  01FFB0                     __end_of_rb4_handled:
   310                           	opt callstack 0
   311                           
   312 ;; *************** function _latjh_update_complete *****************
   313 ;; Defined at:
   314 ;;		line 8 in file "source_headers/breakpoints.c"
   315 ;; Parameters:    Size  Location     Type
   316 ;;		None
   317 ;; Auto vars:     Size  Location     Type
   318 ;;		None
   319 ;; Return value:  Size  Location     Type
   320 ;;                  1    wreg      void 
   321 ;; Registers used:
   322 ;;		None
   323 ;; Tracked objects:
   324 ;;		On entry : 0/0
   325 ;;		On exit  : 0/0
   326 ;;		Unchanged: 0/0
   327 ;; Data sizes:     COMRAM   BANK0   BANK1   BANK2   BANK3   BANK4   BANK5   BANK6   BANK7   BANK8   BANK9  BANK10  BANK1
      +1  BANK12  BANK13  BANK14  BANK15
   328 ;;      Params:         0       0       0       0       0       0       0       0       0       0       0       0       
      +0       0       0       0       0
   329 ;;      Locals:         0       0       0       0       0       0       0       0       0       0       0       0       
      +0       0       0       0       0
   330 ;;      Temps:          0       0       0       0       0       0       0       0       0       0       0       0       
      +0       0       0       0       0
   331 ;;      Totals:         0       0       0       0       0       0       0       0       0       0       0       0       
      +0       0       0       0       0
   332 ;;Total ram usage:        0 bytes
   333 ;; Hardware stack levels used:    1
   334 ;; This function calls:
   335 ;;		Nothing
   336 ;; This function is called by:
   337 ;;		_main
   338 ;; This function uses a non-reentrant model
   339 ;;
   340                           
   341                           	psect	text4
   342  01FFAC                     __ptext4:
   343                           	opt callstack 0
   344  01FFAC                     _latjh_update_complete:
   345                           	opt callstack 30
   346  01FFAC  0012               	return		;funcret
   347  01FFAE                     __end_of_latjh_update_complete:
   348                           	opt callstack 0
   349                           
   350 ;; *************** function _latcde_update_complete *****************
   351 ;; Defined at:
   352 ;;		line 9 in file "source_headers/breakpoints.c"
   353 ;; Parameters:    Size  Location     Type
   354 ;;		None
   355 ;; Auto vars:     Size  Location     Type
   356 ;;		None
   357 ;; Return value:  Size  Location     Type
   358 ;;                  1    wreg      void 
   359 ;; Registers used:
   360 ;;		None
   361 ;; Tracked objects:
   362 ;;		On entry : 0/0
   363 ;;		On exit  : 0/0
   364 ;;		Unchanged: 0/0
   365 ;; Data sizes:     COMRAM   BANK0   BANK1   BANK2   BANK3   BANK4   BANK5   BANK6   BANK7   BANK8   BANK9  BANK10  BANK1
      +1  BANK12  BANK13  BANK14  BANK15
   366 ;;      Params:         0       0       0       0       0       0       0       0       0       0       0       0       
      +0       0       0       0       0
   367 ;;      Locals:         0       0       0       0       0       0       0       0       0       0       0       0       
      +0       0       0       0       0
   368 ;;      Temps:          0       0       0       0       0       0       0       0       0       0       0       0       
      +0       0       0       0       0
   369 ;;      Totals:         0       0       0       0       0       0       0       0       0       0       0       0       
      +0       0       0       0       0
   370 ;;Total ram usage:        0 bytes
   371 ;; Hardware stack levels used:    1
   372 ;; This function calls:
   373 ;;		Nothing
   374 ;; This function is called by:
   375 ;;		_main
   376 ;; This function uses a non-reentrant model
   377 ;;
   378                           
   379                           	psect	text5
   380  01FFAA                     __ptext5:
   381                           	opt callstack 0
   382  01FFAA                     _latcde_update_complete:
   383                           	opt callstack 30
   384  01FFAA  0012               	return		;funcret
   385  01FFAC                     __end_of_latcde_update_complete:
   386                           	opt callstack 0
   387                           
   388 ;; *************** function _init_complete *****************
   389 ;; Defined at:
   390 ;;		line 5 in file "source_headers/breakpoints.c"
   391 ;; Parameters:    Size  Location     Type
   392 ;;		None
   393 ;; Auto vars:     Size  Location     Type
   394 ;;		None
   395 ;; Return value:  Size  Location     Type
   396 ;;                  1    wreg      void 
   397 ;; Registers used:
   398 ;;		None
   399 ;; Tracked objects:
   400 ;;		On entry : 0/0
   401 ;;		On exit  : 0/0
   402 ;;		Unchanged: 0/0
   403 ;; Data sizes:     COMRAM   BANK0   BANK1   BANK2   BANK3   BANK4   BANK5   BANK6   BANK7   BANK8   BANK9  BANK10  BANK1
      +1  BANK12  BANK13  BANK14  BANK15
   404 ;;      Params:         0       0       0       0       0       0       0       0       0       0       0       0       
      +0       0       0       0       0
   405 ;;      Locals:         0       0       0       0       0       0       0       0       0       0       0       0       
      +0       0       0       0       0
   406 ;;      Temps:          0       0       0       0       0       0       0       0       0       0       0       0       
      +0       0       0       0       0
   407 ;;      Totals:         0       0       0       0       0       0       0       0       0       0       0       0       
      +0       0       0       0       0
   408 ;;Total ram usage:        0 bytes
   409 ;; Hardware stack levels used:    1
   410 ;; This function calls:
   411 ;;		Nothing
   412 ;; This function is called by:
   413 ;;		_main
   414 ;; This function uses a non-reentrant model
   415 ;;
   416                           
   417                           	psect	text6
   418  01FFA8                     __ptext6:
   419                           	opt callstack 0
   420  01FFA8                     _init_complete:
   421                           	opt callstack 30
   422  01FFA8  0012               	return		;funcret
   423  01FFAA                     __end_of_init_complete:
   424                           	opt callstack 0
   425                           
   426 ;; *************** function _hs_passed *****************
   427 ;; Defined at:
   428 ;;		line 11 in file "source_headers/breakpoints.c"
   429 ;; Parameters:    Size  Location     Type
   430 ;;		None
   431 ;; Auto vars:     Size  Location     Type
   432 ;;		None
   433 ;; Return value:  Size  Location     Type
   434 ;;                  1    wreg      void 
   435 ;; Registers used:
   436 ;;		None
   437 ;; Tracked objects:
   438 ;;		On entry : 0/0
   439 ;;		On exit  : 0/0
   440 ;;		Unchanged: 0/0
   441 ;; Data sizes:     COMRAM   BANK0   BANK1   BANK2   BANK3   BANK4   BANK5   BANK6   BANK7   BANK8   BANK9  BANK10  BANK1
      +1  BANK12  BANK13  BANK14  BANK15
   442 ;;      Params:         0       0       0       0       0       0       0       0       0       0       0       0       
      +0       0       0       0       0
   443 ;;      Locals:         0       0       0       0       0       0       0       0       0       0       0       0       
      +0       0       0       0       0
   444 ;;      Temps:          0       0       0       0       0       0       0       0       0       0       0       0       
      +0       0       0       0       0
   445 ;;      Totals:         0       0       0       0       0       0       0       0       0       0       0       0       
      +0       0       0       0       0
   446 ;;Total ram usage:        0 bytes
   447 ;; Hardware stack levels used:    1
   448 ;; This function calls:
   449 ;;		Nothing
   450 ;; This function is called by:
   451 ;;		_main
   452 ;; This function uses a non-reentrant model
   453 ;;
   454                           
   455                           	psect	text7
   456  01FFA6                     __ptext7:
   457                           	opt callstack 0
   458  01FFA6                     _hs_passed:
   459                           	opt callstack 30
   460  01FFA6  0012               	return		;funcret
   461  01FFA8                     __end_of_hs_passed:
   462                           	opt callstack 0
   463                           
   464 ;; *************** function _game_over *****************
   465 ;; Defined at:
   466 ;;		line 12 in file "source_headers/breakpoints.c"
   467 ;; Parameters:    Size  Location     Type
   468 ;;		None
   469 ;; Auto vars:     Size  Location     Type
   470 ;;		None
   471 ;; Return value:  Size  Location     Type
   472 ;;                  1    wreg      void 
   473 ;; Registers used:
   474 ;;		None
   475 ;; Tracked objects:
   476 ;;		On entry : 0/0
   477 ;;		On exit  : 0/0
   478 ;;		Unchanged: 0/0
   479 ;; Data sizes:     COMRAM   BANK0   BANK1   BANK2   BANK3   BANK4   BANK5   BANK6   BANK7   BANK8   BANK9  BANK10  BANK1
      +1  BANK12  BANK13  BANK14  BANK15
   480 ;;      Params:         0       0       0       0       0       0       0       0       0       0       0       0       
      +0       0       0       0       0
   481 ;;      Locals:         0       0       0       0       0       0       0       0       0       0       0       0       
      +0       0       0       0       0
   482 ;;      Temps:          0       0       0       0       0       0       0       0       0       0       0       0       
      +0       0       0       0       0
   483 ;;      Totals:         0       0       0       0       0       0       0       0       0       0       0       0       
      +0       0       0       0       0
   484 ;;Total ram usage:        0 bytes
   485 ;; Hardware stack levels used:    1
   486 ;; This function calls:
   487 ;;		Nothing
   488 ;; This function is called by:
   489 ;;		_main
   490 ;; This function uses a non-reentrant model
   491 ;;
   492                           
   493                           	psect	text8
   494  01FFA4                     __ptext8:
   495                           	opt callstack 0
   496  01FFA4                     _game_over:
   497                           	opt callstack 30
   498  01FFA4  0012               	return		;funcret
   499  01FFA6                     __end_of_game_over:
   500                           	opt callstack 0
   501                           
   502 ;; *************** function _correct_guess *****************
   503 ;; Defined at:
   504 ;;		line 10 in file "source_headers/breakpoints.c"
   505 ;; Parameters:    Size  Location     Type
   506 ;;		None
   507 ;; Auto vars:     Size  Location     Type
   508 ;;		None
   509 ;; Return value:  Size  Location     Type
   510 ;;                  1    wreg      void 
   511 ;; Registers used:
   512 ;;		None
   513 ;; Tracked objects:
   514 ;;		On entry : 0/0
   515 ;;		On exit  : 0/0
   516 ;;		Unchanged: 0/0
   517 ;; Data sizes:     COMRAM   BANK0   BANK1   BANK2   BANK3   BANK4   BANK5   BANK6   BANK7   BANK8   BANK9  BANK10  BANK1
      +1  BANK12  BANK13  BANK14  BANK15
   518 ;;      Params:         0       0       0       0       0       0       0       0       0       0       0       0       
      +0       0       0       0       0
   519 ;;      Locals:         0       0       0       0       0       0       0       0       0       0       0       0       
      +0       0       0       0       0
   520 ;;      Temps:          0       0       0       0       0       0       0       0       0       0       0       0       
      +0       0       0       0       0
   521 ;;      Totals:         0       0       0       0       0       0       0       0       0       0       0       0       
      +0       0       0       0       0
   522 ;;Total ram usage:        0 bytes
   523 ;; Hardware stack levels used:    1
   524 ;; This function calls:
   525 ;;		Nothing
   526 ;; This function is called by:
   527 ;;		_main
   528 ;; This function uses a non-reentrant model
   529 ;;
   530                           
   531                           	psect	text9
   532  01FFA2                     __ptext9:
   533                           	opt callstack 0
   534  01FFA2                     _correct_guess:
   535                           	opt callstack 30
   536  01FFA2  0012               	return		;funcret
   537  01FFA4                     __end_of_correct_guess:
   538                           	opt callstack 0
   539                           
   540 ;; *************** function _adc_complete *****************
   541 ;; Defined at:
   542 ;;		line 6 in file "source_headers/breakpoints.c"
   543 ;; Parameters:    Size  Location     Type
   544 ;;		None
   545 ;; Auto vars:     Size  Location     Type
   546 ;;		None
   547 ;; Return value:  Size  Location     Type
   548 ;;                  1    wreg      void 
   549 ;; Registers used:
   550 ;;		None
   551 ;; Tracked objects:
   552 ;;		On entry : 0/0
   553 ;;		On exit  : 0/0
   554 ;;		Unchanged: 0/0
   555 ;; Data sizes:     COMRAM   BANK0   BANK1   BANK2   BANK3   BANK4   BANK5   BANK6   BANK7   BANK8   BANK9  BANK10  BANK1
      +1  BANK12  BANK13  BANK14  BANK15
   556 ;;      Params:         0       0       0       0       0       0       0       0       0       0       0       0       
      +0       0       0       0       0
   557 ;;      Locals:         0       0       0       0       0       0       0       0       0       0       0       0       
      +0       0       0       0       0
   558 ;;      Temps:          0       0       0       0       0       0       0       0       0       0       0       0       
      +0       0       0       0       0
   559 ;;      Totals:         0       0       0       0       0       0       0       0       0       0       0       0       
      +0       0       0       0       0
   560 ;;Total ram usage:        0 bytes
   561 ;; Hardware stack levels used:    1
   562 ;; This function calls:
   563 ;;		Nothing
   564 ;; This function is called by:
   565 ;;		_main
   566 ;; This function uses a non-reentrant model
   567 ;;
   568                           
   569                           	psect	text10
   570  01FFA0                     __ptext10:
   571                           	opt callstack 0
   572  01FFA0                     _adc_complete:
   573                           	opt callstack 30
   574  01FFA0  0012               	return		;funcret
   575  01FFA2                     __end_of_adc_complete:
   576                           	opt callstack 0
   577  0000                     
   578                           	psect	rparam
   579  0000                     tosu	equ	0xFFF
   580                           tosh	equ	0xFFE
   581                           tosl	equ	0xFFD
   582                           stkptr	equ	0xFFC
   583                           pclatu	equ	0xFFB
   584                           pclath	equ	0xFFA
   585                           pcl	equ	0xFF9
   586                           tblptru	equ	0xFF8
   587                           tblptrh	equ	0xFF7
   588                           tblptrl	equ	0xFF6
   589                           tablat	equ	0xFF5
   590                           prodh	equ	0xFF4
   591                           prodl	equ	0xFF3
   592                           indf0	equ	0xFEF
   593                           postinc0	equ	0xFEE
   594                           postdec0	equ	0xFED
   595                           preinc0	equ	0xFEC
   596                           plusw0	equ	0xFEB
   597                           fsr0h	equ	0xFEA
   598                           fsr0l	equ	0xFE9
   599                           wreg	equ	0xFE8
   600                           indf1	equ	0xFE7
   601                           postinc1	equ	0xFE6
   602                           postdec1	equ	0xFE5
   603                           preinc1	equ	0xFE4
   604                           plusw1	equ	0xFE3
   605                           fsr1h	equ	0xFE2
   606                           fsr1l	equ	0xFE1
   607                           bsr	equ	0xFE0
   608                           indf2	equ	0xFDF
   609                           postinc2	equ	0xFDE
   610                           postdec2	equ	0xFDD
   611                           preinc2	equ	0xFDC
   612                           plusw2	equ	0xFDB
   613                           fsr2h	equ	0xFDA
   614                           fsr2l	equ	0xFD9
   615                           status	equ	0xFD8


Data Sizes:
    Strings     0
    Constant    0
    Data        1
    BSS         0
    Persistent  2
    Stack       0

Auto Spaces:
    Space          Size  Autos    Used
    COMRAM           95      0       3
    BANK0           160      0       0
    BANK1           256      0       0
    BANK2           256      0       0
    BANK3           256      0       0
    BANK4           256      0       0
    BANK5           256      0       0
    BANK6           256      0       0
    BANK7           256      0       0
    BANK8           256      0       0
    BANK9           256      0       0
    BANK10          256      0       0
    BANK11          256      0       0
    BANK12          256      0       0
    BANK13          256      0       0
    BANK14          256      0       0
    BANK15           96      0       0

Pointer List with Targets:

    None.

Critical Paths under _main in COMRAM

    None.

Critical Paths under _main in BANK0

    None.

Critical Paths under _main in BANK1

    None.

Critical Paths under _main in BANK2

    None.

Critical Paths under _main in BANK3

    None.

Critical Paths under _main in BANK4

    None.

Critical Paths under _main in BANK5

    None.

Critical Paths under _main in BANK6

    None.

Critical Paths under _main in BANK7

    None.

Critical Paths under _main in BANK8

    None.

Critical Paths under _main in BANK9

    None.

Critical Paths under _main in BANK10

    None.

Critical Paths under _main in BANK11

    None.

Critical Paths under _main in BANK12

    None.

Critical Paths under _main in BANK13

    None.

Critical Paths under _main in BANK14

    None.

Critical Paths under _main in BANK15

    None.

Call Graph Tables:

 ---------------------------------------------------------------------------------
 (Depth) Function   	        Calls       Base Space   Used Autos Params    Refs
 ---------------------------------------------------------------------------------
 (0) _main                                                 0     0      0       0
                       _adc_complete
                      _correct_guess
                          _game_over
                          _hs_passed
                      _init_complete
             _latcde_update_complete
              _latjh_update_complete
                        _rb4_handled
                            _restart
                     _special_number
 ---------------------------------------------------------------------------------
 (1) _special_number                                       0     0      0       0
 ---------------------------------------------------------------------------------
 (1) _restart                                              0     0      0       0
 ---------------------------------------------------------------------------------
 (1) _rb4_handled                                          0     0      0       0
 ---------------------------------------------------------------------------------
 (1) _latjh_update_complete                                0     0      0       0
 ---------------------------------------------------------------------------------
 (1) _latcde_update_complete                               0     0      0       0
 ---------------------------------------------------------------------------------
 (1) _init_complete                                        0     0      0       0
 ---------------------------------------------------------------------------------
 (1) _hs_passed                                            0     0      0       0
 ---------------------------------------------------------------------------------
 (1) _game_over                                            0     0      0       0
 ---------------------------------------------------------------------------------
 (1) _correct_guess                                        0     0      0       0
 ---------------------------------------------------------------------------------
 (1) _adc_complete                                         0     0      0       0
 ---------------------------------------------------------------------------------
 Estimated maximum stack depth 1
 ---------------------------------------------------------------------------------

 Call Graph Graphs:

 _main (ROOT)
   _adc_complete
   _correct_guess
   _game_over
   _hs_passed
   _init_complete
   _latcde_update_complete
   _latjh_update_complete
   _rb4_handled
   _restart
   _special_number

 Address spaces:
Name               Size   Autos  Total    Cost      Usage
BIGRAM             F5F      0       0      37        0.0%
EEDATA             400      0       0       0        0.0%
BITBANK14          100      0       0      33        0.0%
BANK14             100      0       0      34        0.0%
BITBANK13          100      0       0      30        0.0%
BANK13             100      0       0      31        0.0%
BITBANK12          100      0       0      28        0.0%
BANK12             100      0       0      29        0.0%
BITBANK11          100      0       0      26        0.0%
BANK11             100      0       0      27        0.0%
BITBANK10          100      0       0      24        0.0%
BANK10             100      0       0      25        0.0%
BITBANK9           100      0       0      22        0.0%
BANK9              100      0       0      23        0.0%
BITBANK8           100      0       0      20        0.0%
BANK8              100      0       0      21        0.0%
BITBANK7           100      0       0      18        0.0%
BANK7              100      0       0      19        0.0%
BITBANK6           100      0       0      16        0.0%
BANK6              100      0       0      17        0.0%
BITBANK5           100      0       0      14        0.0%
BANK5              100      0       0      15        0.0%
BITBANK4           100      0       0      12        0.0%
BANK4              100      0       0      13        0.0%
BITBANK3           100      0       0      10        0.0%
BANK3              100      0       0      11        0.0%
BITBANK2           100      0       0       8        0.0%
BANK2              100      0       0       9        0.0%
BITBANK1           100      0       0       6        0.0%
BANK1              100      0       0       7        0.0%
BITBANK0            A0      0       0       4        0.0%
BANK0               A0      0       0       5        0.0%
BITBANK15           60      0       0      35        0.0%
BANK15              60      0       0      36        0.0%
BITCOMRAM           5F      0       0       0        0.0%
COMRAM              5F      0       3       1        3.2%
BITSFR               0      0       0     200        0.0%
SFR                  0      0       0     200        0.0%
STACK                0      0       0       2        0.0%
NULL                 0      0       0       0        0.0%
ABS                  0      0       3      32        0.0%
DATA                 0      0       3       3        0.0%
CODE                 0      0       0       0        0.0%


Microchip Technology PIC18 Macro Assembler V2.10 build 88905656 
Symbol Table                                                                                   Thu May 28 05:54:44 2020

                              l7 FFA8                               l10 FFA0  
                             l13 FFAE                               l22 FFA2  
                             l31 FFB0                               l16 FFAC  
                             l25 FFA6                               l34 FFB2  
                             l19 FFAA                               l28 FFA4  
                             l61 FFFC                              l741 FFD0  
                            l751 FFE8                              l743 FFD8  
                            l737 FFB2                              l753 FFEC  
                            l745 FFDC                              l755 FFF0  
                            l747 FFE0                              l739 FFCC  
                            l757 FFF4                              l749 FFE4  
                            l759 FFF8                     __CFG_LVP$OFF 000000  
          __size_of_adc_complete 0002                     __CFG_WDT$OFF 000000  
                           _main FFCC                             start 0000  
                  __CFG_IESO$OFF 000000                    __CFG_MCLRE$ON 000000  
                   ___param_bank 000000                            ?_main 0000  
                  _correct_guess FFA2             __size_of_rb4_handled 0002  
                 __CFG_DEBUG$OFF 000000                     _adc_complete FFA0  
                  __CFG_PWRT$OFF 000000                   __CFG_FCMEN$OFF 000000  
               ??_special_number 0000          ?_latcde_update_complete 0000  
                 __CFG_BOREN$OFF 000000                            tablat 000FF5  
                __end_of_restart FFB2                  __initialization FFB4  
                   __end_of_main 0000                   __CFG_OSC$HSPLL 000000  
                 ?_correct_guess 0000                           ??_main 0000  
                  __activetblptr 000000   __end_of_latcde_update_complete FFAC  
                 __CFG_XINST$OFF 000000           __size_of_init_complete 0002  
                   __pdataCOMRAM 0003                           tblptrh 000FF7  
                         tblptrl 000FF6                           tblptru 000FF8  
          _latjh_update_complete FFAC                        ??_restart 0000  
                     __accesstop 0060          __end_of__initialization FFC6  
                  ___rparam_used 000001                   __pcstackCOMRAM 0000  
                ??_correct_guess 0000               __size_of_game_over 0002  
                  _init_complete FFA8                       __pnvCOMRAM 0001  
             __size_of_hs_passed 0002           ?_latjh_update_complete 0000  
                 ?_init_complete 0000                __end_of_game_over FFA6  
                        __Hparam 0000                          __Lparam 0000  
                  ??_rb4_handled 0000                          __pcinit FFB4  
                        __ramtop 1000                          __ptext0 FFCC  
                        __ptext1 FFB2                          __ptext2 FFB0  
                        __ptext3 FFAE                          __ptext4 FFAC  
                        __ptext5 FFAA                          __ptext6 FFA8  
                        __ptext7 FFA6                          __ptext8 FFA4  
                        __ptext9 FFA2                __end_of_hs_passed FFA8  
                        _restart FFB0                          _special 0003  
           end_of_initialization FFC6                  ??_init_complete 0000  
            __end_of_rb4_handled FFB0          __size_of_special_number 0002  
                  __pidataCOMRAM FF9F              start_initialization FFB4  
               __CFG_LPT1OSC$OFF 000000                      _rb4_handled FFAE  
          __end_of_correct_guess FFA4          ??_latjh_update_complete 0000  
       ??_latcde_update_complete 0000                    ?_adc_complete 0000  
                      _adc_value 0001                        _game_over FFA4  
                 ??_adc_complete 0000                         ?_restart 0000  
                      _hs_passed FFA6                   _special_number FFB2  
                     ?_game_over 0000  __size_of_latcde_update_complete 0002  
                     ?_hs_passed 0000           __end_of_special_number FFB4  
                       __Hrparam 0000                         __Lrparam 0000  
          __end_of_init_complete FFAA                         __ptext10 FFA0  
               __size_of_restart 0002           _latcde_update_complete FFAA  
                ?_special_number 0000                    __size_of_main 0034  
           __end_of_adc_complete FFA2                      ??_game_over 0000  
                   ?_rb4_handled 0000   __size_of_latjh_update_complete 0002  
  __end_of_latjh_update_complete FFAE                      ??_hs_passed 0000  
         __size_of_correct_guess 0002  
